<?xml version="1.0" encoding="UTF-8"?>
<!-- Generated by org.testng.reporters.JUnitReportReporter -->
<testsuite hostname="15927-SCOPE" failures="0" tests="2" name="Bank.Bank.CalculatorAppTest" time="0.019" errors="0" timestamp="2024-03-05T19:15:22 IST" skipped="0">
  <testcase classname="Bank.Bank.CalculatorAppTest" name="testSub" time="0.016"/>
  <testcase classname="Bank.Bank.CalculatorAppTest" name="testAdd" time="0.003"/>
</testsuite> <!-- Bank.Bank.CalculatorAppTest -->
